<?xml version="1.0" encoding="utf-8"?><testsuites name="pytest tests"><testsuite name="pytest" errors="0" failures="0" skipped="0" tests="458" time="210.323" timestamp="2026-09-15T00:24:52.854046+09:00" hostname="DESKTOP-TNRADE4"><testcase classname="tests.test_cura_records.CuraRecordsRegression" name="test_all_zero_target_has_no_r2_and_serializes_as_null" time="0.056" /><testcase classname="tests.test_cura_records.CuraRecordsRegression" name="test_analysis_output_cannot_overwrite_measurements" time="0.004" /><testcase classname="tests.test_cura_records.CuraRecordsRegression" name="test_changed_stl_hash_is_detected_before_using_stored_numbers" time="0.004" /><testcase classname="tests.test_cura_records.CuraRecordsRegression" name="test_duplicate_measurement_is_rejected" time="0.009" /><testcase classname="tests.test_cura_records.CuraRecordsRegression" name="test_explicit_recompute_does_not_stop_after_one_missing_stl" time="0.068" /><testcase classname="tests.test_cura_records.CuraRecordsRegression" name="test_filename_and_orientation_conflict_is_rejected" time="0.003" /><testcase classname="tests.test_cura_records.CuraRecordsRegression" name="test_invalid_and_partial_terms_are_rejected" time="0.007" /><testcase classname="tests.test_cura_records.CuraRecordsRegression" name="test_invalid_numeric_measurements_are_not_silently_ignored" time="0.014" /><testcase classname="tests.test_cura_records.CuraRecordsRegression" name="test_missing_prediction_does_not_drop_valid_measurement_from_fit" time="0.065" /><testcase classname="tests.test_cura_records.CuraRecordsRegression" name="test_mixed_cura_conditions_are_fitted_separately" time="0.053" /><testcase classname="tests.test_cura_records.CuraRecordsRegression" name="test_off_greater_than_on_is_rejected" time="0.003" /><testcase classname="tests.test_cura_records.CuraRecordsRegression" name="test_old_csv_retains_nist_measurements_and_recovers_directions" time="0.054" /><testcase classname="tests.test_cura_records.CuraRecordsRegression" name="test_original_measurements_reproduce_r2_without_current_geometry" time="0.077" /><testcase classname="tests.test_cura_records.CuraRecordsRegression" name="test_parent_or_absolute_stl_paths_are_rejected" time="0.009" /><testcase classname="tests.test_cura_records.CuraRecordsRegression" name="test_part_cross_validation_holds_out_all_six_directions" time="0.067" /><testcase classname="tests.test_cura_records.CuraRecordsRegression" name="test_profile_term_prediction_mismatch_is_rejected" time="0.005" /><testcase classname="tests.test_cura_records.CuraRecordsRegression" name="test_rank_deficient_training_fold_does_not_publish_full_q2" time="0.004" /><testcase classname="tests.test_cura_records.CuraRecordsRegression" name="test_recorded_diameter_conflict_is_rejected" time="0.004" /><testcase classname="tests.test_cura_records.CuraRecordsRegression" name="test_unfinished_rows_are_counted" time="0.063" /><testcase classname="tests.test_cura_records.CuraExportRegression" name="test_centimeter_input_is_exported_in_mm" time="0.074" /><testcase classname="tests.test_cura_records.CuraExportRegression" name="test_export_never_overwrites_completed_measurements" time="0.004" /><testcase classname="tests.test_cura_records.CuraExportRegression" name="test_failed_export_does_not_publish_partial_experiment" time="0.065" /><testcase classname="tests.test_cura_records.CuraExportRegression" name="test_same_basename_files_are_not_overwritten" time="0.092" /><testcase classname="tests.test_cura_records.CuraExportRegression" name="test_saved_terms_and_prediction_match_reloaded_stl_and_hash" time="0.177" /><testcase classname="tests.test_evaluation_22.Evaluation22Regression" name="test_evaluation_json_is_portable_when_gap_is_infinite" time="0.351" /><testcase classname="tests.test_evaluation_22.Evaluation22Regression" name="test_failed_boolean_generation_cannot_return_overlapping_samples" time="0.003" /><testcase classname="tests.test_evaluation_22.Evaluation22Regression" name="test_failed_region_partition_does_not_merge_all_overhangs" time="0.017" /><testcase classname="tests.test_evaluation_22.Evaluation22Regression" name="test_find_optimal_orientation_propagates_gradient_option" time="0.430" /><testcase classname="tests.test_evaluation_22.Evaluation22Regression" name="test_na_scope_difference_prevents_total_score_winner" time="0.679" /><testcase classname="tests.test_evaluation_22.Evaluation22Regression" name="test_unknown_directions_are_not_reported_as_all_blocked" time="0.001" /><testcase classname="tests.test_layers_24.LayerReview24" name="test_box_area_volume_and_no_false_risk" time="0.033" /><testcase classname="tests.test_layers_24.LayerReview24" name="test_cavity_is_not_filled" time="0.079" /><testcase classname="tests.test_layers_24.LayerReview24" name="test_curved_thin_and_thick_walls_at_two_tessellations" time="0.507" /><testcase classname="tests.test_layers_24.LayerReview24" name="test_failure_of_offsets_is_not_reported_as_clear" time="0.032" /><testcase classname="tests.test_layers_24.LayerReview24" name="test_floating_platform_has_unsupported_regions" time="0.063" /><testcase classname="tests.test_layers_24.LayerReview24" name="test_global_winding_reversal_preserves_material" time="0.074" /><testcase classname="tests.test_layers_24.LayerReview24" name="test_input_is_unchanged" time="0.071" /><testcase classname="tests.test_layers_24.LayerReview24" name="test_internal_seam_winding_budget_is_cumulative" time="0.014" /><testcase classname="tests.test_layers_24.LayerReview24" name="test_invalid_layer_override_is_visible_without_destroying_legacy_score" time="0.007" /><testcase classname="tests.test_layers_24.LayerReview24" name="test_invalid_settings_are_rejected" time="0.002" /><testcase classname="tests.test_layers_24.LayerReview24" name="test_isolated_contour_below_precision_is_never_silently_lost" time="0.006" /><testcase classname="tests.test_layers_24.LayerReview24" name="test_json_contains_finite_traceable_results" time="0.039" /><testcase classname="tests.test_layers_24.LayerReview24" name="test_last_partial_layer_has_correct_volume" time="0.043" /><testcase classname="tests.test_layers_24.LayerReview24" name="test_layer_budget_does_not_silently_coarsen" time="0.003" /><testcase classname="tests.test_layers_24.LayerReview24" name="test_layer_failure_does_not_destroy_legacy_result" time="0.076" /><testcase classname="tests.test_layers_24.LayerReview24" name="test_layer_settings_change_inspection_without_changing_legacy_profile" time="0.115" /><testcase classname="tests.test_layers_24.LayerReview24" name="test_legacy_score_is_unchanged_by_layer_review" time="0.045" /><testcase classname="tests.test_layers_24.LayerReview24" name="test_missing_vertical_wall_stays_unresolved" time="0.046" /><testcase classname="tests.test_layers_24.LayerReview24" name="test_non_fdm_does_not_claim_fdm_layer_review" time="0.007" /><testcase classname="tests.test_layers_24.LayerReview24" name="test_one_reversed_wall_face_is_unresolved" time="0.004" /><testcase classname="tests.test_layers_24.LayerReview24" name="test_open_cavity_wall_is_not_discarded_as_internal_seam" time="0.095" /><testcase classname="tests.test_layers_24.LayerReview24" name="test_open_top_allows_sections_but_never_unblocks_solid_grade" time="0.037" /><testcase classname="tests.test_layers_24.LayerReview24" name="test_overlapping_material_is_counted_once" time="0.094" /><testcase classname="tests.test_layers_24.LayerReview24" name="test_rotation_and_translation_keep_section_volume" time="0.074" /><testcase classname="tests.test_layers_24.LayerReview24" name="test_segment_budget_does_not_report_complete_review" time="0.005" /><testcase classname="tests.test_layers_24.LayerReview24" name="test_single_thin_horizontal_layer_is_not_called_thick" time="0.007" /><testcase classname="tests.test_layers_24.LayerReview24" name="test_small_cylindrical_pin_is_not_removed_by_area_fraction" time="0.086" /><testcase classname="tests.test_layers_24.LayerReview24" name="test_small_detached_feature_and_real_gap_are_preserved" time="0.050" /><testcase classname="tests.test_layers_24.LayerReview24" name="test_subdivision_does_not_change_a_box_review" time="0.081" /><testcase classname="tests.test_layers_24.LayerReview24" name="test_triangular_pin_is_detected_even_if_its_faces_are_adjacent" time="0.040" /><testcase classname="tests.test_layers_24.LayerReview24" name="test_vertical_thin_wall_is_detected" time="0.035" /><testcase classname="tests.test_layers_25.Review25" name="test_900_pins_preserve_analytic_area_with_index" time="1.835" /><testcase classname="tests.test_layers_25.Review25" name="test_area_perimeter_scale_is_not_circle_diameter" time="0.002" /><testcase classname="tests.test_layers_25.Review25" name="test_cancelled_shells_do_not_report_clear_metrics" time="0.068" /><testcase classname="tests.test_layers_25.Review25" name="test_crossing_rings_fall_back_without_double_counting" time="0.008" /><testcase classname="tests.test_layers_25.Review25" name="test_detail_table_cap_does_not_truncate_aggregates" time="0.019" /><testcase classname="tests.test_layers_25.Review25" name="test_direct_mixed_winding_input_is_warned_without_repair" time="0.068" /><testcase classname="tests.test_layers_25.Review25" name="test_empty_air_layers_remain_valid_and_floating_body_is_found" time="0.024" /><testcase classname="tests.test_layers_25.Review25" name="test_entire_tiny_pin_is_never_erased_by_display_cutoff" time="0.059" /><testcase classname="tests.test_layers_25.Review25" name="test_far_closed_body_is_measured_without_inventing_total_area" time="0.090" /><testcase classname="tests.test_layers_25.Review25" name="test_fast_and_noded_paths_preserve_nested_cavity" time="0.009" /><testcase classname="tests.test_layers_25.Review25" name="test_index_budget_is_cumulative_across_calls" time="0.001" /><testcase classname="tests.test_layers_25.Review25" name="test_index_matches_exhaustive_crossings_including_vertices" time="0.038" /><testcase classname="tests.test_layers_25.Review25" name="test_open_cavity_excludes_enclosing_ring_from_known_material" time="0.007" /><testcase classname="tests.test_layers_25.Review25" name="test_preview_cache_invalidates_geometry_direction_height_and_version" time="0.031" /><testcase classname="tests.test_layers_25.Review25" name="test_projection_reuse_matches_general_planes_without_mutating_inputs" time="0.007" /><testcase classname="tests.test_layers_25.Review25" name="test_real_wall_survives_priority_classification" time="0.038" /><testcase classname="tests.test_layers_25.Review25" name="test_self_crossing_loop_is_not_trusted_as_simple_ring" time="0.001" /><testcase classname="tests.test_layers_25.Review25" name="test_small_connected_tip_remains_visible_in_details" time="0.001" /><testcase classname="tests.test_layers_25.Review25" name="test_sphere_small_residuals_remain_details_not_prominent_risk" time="2.693" /><testcase classname="tests.test_layers_25.Review25" name="test_touching_boxes_fall_back_and_keep_internal_seam_behavior" time="0.007" /><testcase classname="tests.test_layers_25.Review25" name="test_unknown_neighbor_cannot_create_false_support_or_one_layer_findings" time="0.001" /><testcase classname="tests.test_layers_25.Review25" name="test_z_index_matches_brute_force_at_events" time="0.003" /><testcase classname="tests.test_layers_26.LayerReview26" name="test_boundary_contact_is_not_positive_area_support" time="0.001" /><testcase classname="tests.test_layers_26.LayerReview26" name="test_cached_scale_preserves_grid_and_section_geometry" time="0.007" /><testcase classname="tests.test_layers_26.LayerReview26" name="test_cached_section_does_not_read_extents" time="0.003" /><testcase classname="tests.test_layers_26.LayerReview26" name="test_details_cap_preserves_support_and_single_layer_totals" time="0.015" /><testcase classname="tests.test_layers_26.LayerReview26" name="test_every_layer_and_retry_receives_its_current_mesh_scale" time="0.050" /><testcase classname="tests.test_layers_26.LayerReview26" name="test_exact_display_threshold_uses_inclusive_comparison" time="0.001" /><testcase classname="tests.test_layers_26.LayerReview26" name="test_failed_difference_measurement_is_not_zero_or_details_only" time="0.028" /><testcase classname="tests.test_layers_26.LayerReview26" name="test_invalid_cached_scale_is_rejected" time="0.002" /><testcase classname="tests.test_layers_26.LayerReview26" name="test_limit_before_winding_index_has_a_safe_diagnostic" time="0.002" /><testcase classname="tests.test_layers_26.LayerReview26" name="test_nist_single_layer_candidates_are_retained_as_details" time="4.042" /><testcase classname="tests.test_layers_26.LayerReview26" name="test_no_material_has_no_measured_candidate_totals" time="0.043" /><testcase classname="tests.test_layers_26.LayerReview26" name="test_small_partial_residuals_stay_recorded_for_both_checks" time="0.001" /><testcase classname="tests.test_layers_26.LayerReview26" name="test_tiny_floating_plate_survives_both_layer_priorities" time="0.011" /><testcase classname="tests.test_layers_26.LayerReview26" name="test_tiny_positive_contact_does_not_become_wholly_missing" time="0.001" /><testcase classname="tests.test_layers_26.LayerReview26" name="test_unknown_neighbor_stays_unresolved_without_false_whole_promotion" time="0.089" /><testcase classname="tests.test_layers_26.LayerReview26" name="test_whole_small_component_is_prominent_for_both_checks" time="0.002" /><testcase classname="tests.test_mesh_review_23.MeshReview23" name="test_all_degenerate_cleanup_stays_invalid" time="0.004" /><testcase classname="tests.test_mesh_review_23.MeshReview23" name="test_analysis_never_implicitly_repairs_shells" time="0.406" /><testcase classname="tests.test_mesh_review_23.MeshReview23" name="test_broken_face_index_is_an_input_error" time="0.002" /><testcase classname="tests.test_mesh_review_23.MeshReview23" name="test_cleanup_does_not_change_source_or_fill_holes" time="0.009" /><testcase classname="tests.test_mesh_review_23.MeshReview23" name="test_cleanup_export_after_cm_input_remains_mm_geometry" time="0.015" /><testcase classname="tests.test_mesh_review_23.MeshReview23" name="test_cleanup_of_exact_same_winding_duplicate_preserves_box" time="0.336" /><testcase classname="tests.test_mesh_review_23.MeshReview23" name="test_cleanup_preserves_cavity_and_small_isolated_component" time="0.010" /><testcase classname="tests.test_mesh_review_23.MeshReview23" name="test_cli_why_uses_partial_geometry_and_no_unsafe_thickness" time="0.587" /><testcase classname="tests.test_mesh_review_23.MeshReview23" name="test_closed_looking_nonmanifold_is_distinct_from_open_boundary" time="0.300" /><testcase classname="tests.test_mesh_review_23.MeshReview23" name="test_duplicate_suspect_measurements_without_confirmation_do_not_prove_failure" time="0.317" /><testcase classname="tests.test_mesh_review_23.MeshReview23" name="test_lost_near_surface_hits_do_not_pass_as_thick_material" time="0.334" /><testcase classname="tests.test_mesh_review_23.MeshReview23" name="test_nonfinite_and_empty_have_no_partial_geometry" time="0.002" /><testcase classname="tests.test_mesh_review_23.MeshReview23" name="test_opposite_winding_duplicate_is_retained_for_review" time="0.573" /><testcase classname="tests.test_mesh_review_23.MeshReview23" name="test_overflowing_extents_cannot_produce_partial_measurements" time="0.002" /><testcase classname="tests.test_mesh_review_23.MeshReview23" name="test_partial_does_not_mask_actual_size_failure" time="0.535" /><testcase classname="tests.test_mesh_review_23.MeshReview23" name="test_partial_json_has_counts_scope_and_no_fake_volume_rule" time="0.469" /><testcase classname="tests.test_mesh_review_23.MeshReview23" name="test_partial_metrics_do_not_invoke_solid_analysis_or_supply_total" time="0.279" /><testcase classname="tests.test_mesh_review_23.MeshReview23" name="test_partial_sensitivity_is_not_manufacturing_impossibility" time="0.002" /><testcase classname="tests.test_mesh_review_23.MeshReview23" name="test_refinement_failure_keeps_suspect_state" time="0.002" /><testcase classname="tests.test_mesh_review_23.MeshReview23" name="test_small_pin_is_not_ignored_due_to_small_surface_fraction" time="0.388" /><testcase classname="tests.test_mesh_review_23.MeshReview23" name="test_tiny_positive_faces_are_not_deleted_by_area_threshold" time="0.003" /><testcase classname="tests.test_mesh_review_23.MeshReview23" name="test_true_thin_wall_keeps_profile_failure" time="0.009" /><testcase classname="tests.test_review.ReviewRegression" name="test_aabb_overlap_is_not_solid_overlap" time="0.071" /><testcase classname="tests.test_review.ReviewRegression" name="test_active_weight_sum_and_coverage" time="0.179" /><testcase classname="tests.test_review.ReviewRegression" name="test_actual_overlap_is_rejected" time="0.288" /><testcase classname="tests.test_review.ReviewRegression" name="test_ahp_requires_complete_positive_pairwise_data" time="0.006" /><testcase classname="tests.test_review.ReviewRegression" name="test_bad_input_is_rejected_before_geometry" time="0.292" /><testcase classname="tests.test_review.ReviewRegression" name="test_bridge_span_uses_anchored_direction" time="0.010" /><testcase classname="tests.test_review.ReviewRegression" name="test_cura_export_matches_engine_bridge_policy" time="0.064" /><testcase classname="tests.test_review.ReviewRegression" name="test_cura_ties_and_unscaled_prediction_error" time="0.031" /><testcase classname="tests.test_review.ReviewRegression" name="test_detection_samples_do_not_bias_percentile" time="0.386" /><testcase classname="tests.test_review.ReviewRegression" name="test_invalid_dimensions_and_directions" time="0.001" /><testcase classname="tests.test_review.ReviewRegression" name="test_invalid_weights" time="0.001" /><testcase classname="tests.test_review.ReviewRegression" name="test_near_plate_overhang_is_not_contact" time="0.002" /><testcase classname="tests.test_review.ReviewRegression" name="test_negative_disjoint_shell_is_not_a_cavity" time="0.217" /><testcase classname="tests.test_review.ReviewRegression" name="test_nonfinite_mesh" time="0.001" /><testcase classname="tests.test_review.ReviewRegression" name="test_one_thin_sample_is_not_automatically_passed" time="0.188" /><testcase classname="tests.test_review.ReviewRegression" name="test_orientation_options_propagate" time="0.247" /><testcase classname="tests.test_review.ReviewRegression" name="test_orientation_table_handles_missing_rules" time="0.208" /><testcase classname="tests.test_review.ReviewRegression" name="test_pareto_empty_single_and_different_na_sets" time="0.209" /><testcase classname="tests.test_review.ReviewRegression" name="test_process_specific_provenance" time="0.001" /><testcase classname="tests.test_review.ReviewRegression" name="test_regression_preserves_predictive_parameters" time="0.001" /><testcase classname="tests.test_review.ReviewRegression" name="test_sensitivity_matches_full_reweighting" time="1.661" /><testcase classname="tests.test_review.ReviewRegression" name="test_sensitivity_reuses_geometry_and_propagates_options" time="0.063" /><testcase classname="tests.test_review.ReviewRegression" name="test_single_inverted_shell_can_be_repaired_on_load" time="0.005" /><testcase classname="tests.test_review.ReviewRegression" name="test_stl_roundtrip_preserves_cavity_and_material_volume" time="0.429" /><testcase classname="tests.test_review.ReviewRegression" name="test_support_failure_is_not_silently_plate_distance" time="0.192" /><testcase classname="tests.test_review.ReviewRegression" name="test_swapped_xy_uses_same_placement_for_gate_and_score" time="0.001" /><testcase classname="tests.test_review.ReviewRegression" name="test_voxel_resolution_failure_is_na" time="0.001" /><testcase classname="tests.test_review.ReviewRegression" name="test_wall_distribution_is_area_weighted" time="0.002" /><testcase classname="tests.test_review.ReviewRegression" name="test_wall_measurement_failure_is_unknown" time="0.189" /><testcase classname="tests.test_review.ReviewRegression" name="test_weights_only_on_unmeasured_rules_give_no_score" time="0.186" /><testcase classname="tests.test_ui_review.UIRegression" name="test_blocked_current_direction_still_allows_comparison" time="5.224" /><testcase classname="tests.test_ui_review.UIRegression" name="test_blocked_result_keeps_rules_and_geometry_visible" time="0.903" /><testcase classname="tests.test_ui_review.UIRegression" name="test_cleanup_mode_change_requires_new_evaluation_even_if_shape_identical" time="1.425" /><testcase classname="tests.test_ui_review.UIRegression" name="test_evaluate_and_changed_model_requires_reevaluation" time="2.107" /><testcase classname="tests.test_ui_review.UIRegression" name="test_failed_direction_comparison_does_not_keep_previous_result" time="5.086" /><testcase classname="tests.test_ui_review.UIRegression" name="test_failed_sample_generation_shows_error_without_traceback" time="0.304" /><testcase classname="tests.test_ui_review.UIRegression" name="test_fdm_layer_results_are_visible_when_mesh_gate_fails" time="0.748" /><testcase classname="tests.test_ui_review.UIRegression" name="test_layer_display_cannot_hide_open_vertical_contours" time="0.458" /><testcase classname="tests.test_ui_review.UIRegression" name="test_layer_settings_require_reevaluation_and_propagate_to_directions" time="3.357" /><testcase classname="tests.test_ui_review.UIRegression" name="test_nist_support_and_single_layer_minor_overlays_match_records" time="8.331" /><testcase classname="tests.test_ui_review.UIRegression" name="test_non_fdm_does_not_show_fdm_layer_success" time="0.559" /><testcase classname="tests.test_ui_review.UIRegression" name="test_partial_components_render_without_claiming_full_area" time="0.798" /><testcase classname="tests.test_ui_review.UIRegression" name="test_partial_result_keeps_mesh_view_and_safe_dimensions" time="0.995" /><testcase classname="tests.test_ui_review.UIRegression" name="test_previous_engine_result_requires_new_evaluation" time="1.524" /><testcase classname="tests.test_ui_review.UIRegression" name="test_sphere_details_are_visible_without_prominent_risk" time="5.557" /><testcase classname="tests.test_ui_review.UIRegression" name="test_toggles_propagate_to_comparison_and_sensitivity" time="5.581" /><testcase classname="tests_v3.test_analysis_evidence" name="test_report_integrates_process_evidence_and_unrun_sections[MEX]" time="0.076" /><testcase classname="tests_v3.test_analysis_evidence" name="test_report_integrates_process_evidence_and_unrun_sections[VPP]" time="0.033" /><testcase classname="tests_v3.test_analysis_evidence" name="test_report_integrates_process_evidence_and_unrun_sections[PBF_POLYMER]" time="0.033" /><testcase classname="tests_v3.test_analysis_evidence" name="test_report_integrates_process_evidence_and_unrun_sections[PBF_METAL]" time="0.030" /><testcase classname="tests_v3.test_analysis_evidence" name="test_input_citation_describes_the_actual_file_format[step-expected0]" time="0.035" /><testcase classname="tests_v3.test_analysis_evidence" name="test_input_citation_describes_the_actual_file_format[stp-expected1]" time="0.030" /><testcase classname="tests_v3.test_analysis_evidence" name="test_input_citation_describes_the_actual_file_format[stl-expected2]" time="0.024" /><testcase classname="tests_v3.test_analysis_evidence" name="test_input_citation_describes_the_actual_file_format[3mf-expected3]" time="0.021" /><testcase classname="tests_v3.test_analysis_evidence" name="test_stl_scale_assumption_has_stl_evidence" time="0.033" /><testcase classname="tests_v3.test_analysis_evidence" name="test_cad_surface_cannot_acquire_material_semantics_from_mesh_or_stale_fields[step-MEX]" time="0.040" /><testcase classname="tests_v3.test_analysis_evidence" name="test_cad_surface_cannot_acquire_material_semantics_from_mesh_or_stale_fields[step-VPP]" time="0.038" /><testcase classname="tests_v3.test_analysis_evidence" name="test_cad_surface_cannot_acquire_material_semantics_from_mesh_or_stale_fields[step-PBF_POLYMER]" time="0.038" /><testcase classname="tests_v3.test_analysis_evidence" name="test_cad_surface_cannot_acquire_material_semantics_from_mesh_or_stale_fields[step-PBF_METAL]" time="0.040" /><testcase classname="tests_v3.test_analysis_evidence" name="test_cad_surface_cannot_acquire_material_semantics_from_mesh_or_stale_fields[stp-MEX]" time="0.035" /><testcase classname="tests_v3.test_analysis_evidence" name="test_cad_surface_cannot_acquire_material_semantics_from_mesh_or_stale_fields[stp-VPP]" time="0.035" /><testcase classname="tests_v3.test_analysis_evidence" name="test_cad_surface_cannot_acquire_material_semantics_from_mesh_or_stale_fields[stp-PBF_POLYMER]" time="0.037" /><testcase classname="tests_v3.test_analysis_evidence" name="test_cad_surface_cannot_acquire_material_semantics_from_mesh_or_stale_fields[stp-PBF_METAL]" time="0.032" /><testcase classname="tests_v3.test_analysis_evidence" name="test_cad_surface_flag_is_only_interpreted_for_cad_input[stl]" time="0.037" /><testcase classname="tests_v3.test_analysis_evidence" name="test_cad_surface_flag_is_only_interpreted_for_cad_input[3mf]" time="0.035" /><testcase classname="tests_v3.test_analysis_evidence" name="test_multiple_bodies_keep_volume_and_material_sections_unconfirmed[step-metadata0-assembly]" time="0.037" /><testcase classname="tests_v3.test_analysis_evidence" name="test_multiple_bodies_keep_volume_and_material_sections_unconfirmed[stl-metadata1-shells]" time="0.034" /><testcase classname="tests_v3.test_analysis_evidence" name="test_multiple_bodies_keep_volume_and_material_sections_unconfirmed[3mf-metadata2-shells]" time="0.037" /><testcase classname="tests_v3.test_analysis_evidence" name="test_mesh_cannot_report_a_cad_cavity_count_from_foreign_metadata" time="0.032" /><testcase classname="tests_v3.test_app" name="test_complete_design_workflow_and_stale_results" time="3.515" /><testcase classname="tests_v3.test_app" name="test_wall_review_stays_attached_and_exportable" time="2.087" /><testcase classname="tests_v3.test_app" name="test_design_comparison_and_cura_example_workflow" time="7.260" /><testcase classname="tests_v3.test_app" name="test_custom_direction_comparison_application_and_stale_exports" time="2.601" /><testcase classname="tests_v3.test_app" name="test_non_fdm_sections_work_and_exports_preserve_measurements[VPP]" time="3.183" /><testcase classname="tests_v3.test_app" name="test_non_fdm_sections_work_and_exports_preserve_measurements[PBF_POLYMER]" time="2.644" /><testcase classname="tests_v3.test_app" name="test_non_fdm_sections_work_and_exports_preserve_measurements[PBF_METAL]" time="2.930" /><testcase classname="tests_v3.test_app" name="test_event_section_default_and_switch_keep_result_method_visible" time="2.388" /><testcase classname="tests_v3.test_cad_and_geometry" name="test_cad_against_independent_analytic_oracle[01_box]" time="32.672" /><testcase classname="tests_v3.test_cad_and_geometry" name="test_cad_against_independent_analytic_oracle[02_thin_plate]" time="0.002" /><testcase classname="tests_v3.test_cad_and_geometry" name="test_cad_against_independent_analytic_oracle[03_vertical_hole]" time="0.003" /><testcase classname="tests_v3.test_cad_and_geometry" name="test_cad_against_independent_analytic_oracle[04_horizontal_hole]" time="0.003" /><testcase classname="tests_v3.test_cad_and_geometry" name="test_cad_against_independent_analytic_oracle[05_sealed_cavity]" time="0.002" /><testcase classname="tests_v3.test_cad_and_geometry" name="test_cad_against_independent_analytic_oracle[06_open_cup]" time="0.002" /><testcase classname="tests_v3.test_cad_and_geometry" name="test_cad_against_independent_analytic_oracle[07_bracket]" time="0.002" /><testcase classname="tests_v3.test_cad_and_geometry" name="test_cad_against_independent_analytic_oracle[08_bridge]" time="0.003" /><testcase classname="tests_v3.test_cad_and_geometry" name="test_cad_against_independent_analytic_oracle[09_cantilever]" time="0.003" /><testcase classname="tests_v3.test_cad_and_geometry" name="test_cad_against_independent_analytic_oracle[10_inch_box]" time="0.002" /><testcase classname="tests_v3.test_cad_and_geometry" name="test_cad_against_independent_analytic_oracle[11_two_bodies]" time="0.002" /><testcase classname="tests_v3.test_cad_and_geometry" name="test_cad_against_independent_analytic_oracle[12_sphere]" time="0.010" /><testcase classname="tests_v3.test_cad_and_geometry" name="test_cad_against_independent_analytic_oracle[13_fine_pin]" time="0.003" /><testcase classname="tests_v3.test_cad_and_geometry" name="test_cad_against_independent_analytic_oracle[14_thin_plate_improved]" time="0.002" /><testcase classname="tests_v3.test_cad_and_geometry" name="test_inch_step_is_normalized_once" time="0.001" /><testcase classname="tests_v3.test_cad_and_geometry" name="test_separate_solids_never_invent_assembly_union_volume" time="0.039" /><testcase classname="tests_v3.test_cad_and_geometry" name="test_normal_chords_parallel_planes[01_box-10]" time="0.003" /><testcase classname="tests_v3.test_cad_and_geometry" name="test_normal_chords_parallel_planes[02_thin_plate-0.3]" time="0.003" /><testcase classname="tests_v3.test_cad_and_geometry" name="test_normal_chords_parallel_planes[14_thin_plate_improved-1.2]" time="0.003" /><testcase classname="tests_v3.test_cad_and_geometry" name="test_surface_angle_definition_and_bottom_exclusion" time="0.006" /><testcase classname="tests_v3.test_cad_and_geometry" name="test_yaw_fit_agrees_with_export_transform" time="0.003" /><testcase classname="tests_v3.test_cad_and_geometry" name="test_translation_tessellation_and_face_order_invariance" time="0.005" /><testcase classname="tests_v3.test_cad_and_geometry" name="test_rotating_model_and_direction_preserves_geometry" time="0.002" /><testcase classname="tests_v3.test_cad_and_geometry" name="test_process_applicability_and_no_success_score" time="0.130" /><testcase classname="tests_v3.test_cad_and_geometry" name="test_pareto_does_not_recommend_infeasible_fit" time="0.005" /><testcase classname="tests_v3.test_cad_and_geometry" name="test_horizontal_hole_support_group_is_process_specific" time="0.098" /><testcase classname="tests_v3.test_cad_and_geometry" name="test_invalid_profiles_fail_explicitly[kwargs0]" time="0.001" /><testcase classname="tests_v3.test_cad_and_geometry" name="test_invalid_profiles_fail_explicitly[kwargs1]" time="0.001" /><testcase classname="tests_v3.test_cad_and_geometry" name="test_invalid_profiles_fail_explicitly[kwargs2]" time="0.001" /><testcase classname="tests_v3.test_cad_and_geometry" name="test_invalid_profiles_fail_explicitly[kwargs3]" time="0.001" /><testcase classname="tests_v3.test_cad_and_geometry" name="test_invalid_profiles_fail_explicitly[kwargs4]" time="0.001" /><testcase classname="tests_v3.test_cad_and_geometry" name="test_invalid_profiles_fail_explicitly[kwargs5]" time="0.001" /><testcase classname="tests_v3.test_cad_precision" name="test_bezier_prism_volume_against_polynomial_integral" time="1.267" /><testcase classname="tests_v3.test_cad_precision" name="test_sphere_area_and_volume_use_independent_analytic_values" time="0.002" /><testcase classname="tests_v3.test_cad_precision" name="test_reversed_solid_does_not_get_positive_volume_invented" time="0.004" /><testcase classname="tests_v3.test_cad_precision" name="test_open_planar_step_preserves_faces_without_inventing_solid" time="0.039" /><testcase classname="tests_v3.test_cad_precision" name="test_cylindrical_surface_does_not_invent_inner_material_side" time="0.022" /><testcase classname="tests_v3.test_cad_precision" name="test_mixed_solid_and_surface_is_not_silently_truncated" time="0.020" /><testcase classname="tests_v3.test_cad_precision" name="test_exactly_collapsed_trim_is_distinct_from_tiny_real_face" time="0.001" /><testcase classname="tests_v3.test_cad_precision" name="test_zero_trim_does_not_change_separate_integration_geometry" time="0.002" /><testcase classname="tests_v3.test_cad_precision" name="test_more_than_one_hundred_solids_keep_body_mapping" time="2.211" /><testcase classname="tests_v3.test_cad_precision" name="test_finer_tessellation_recovers_missing_cell_without_changing_source[12-True]" time="0.018" /><testcase classname="tests_v3.test_cad_precision" name="test_finer_tessellation_recovers_missing_cell_without_changing_source[11-False]" time="0.011" /><testcase classname="tests_v3.test_contracts" name="test_stl_units_and_scale_assumptions" time="0.038" /><testcase classname="tests_v3.test_contracts" name="test_nonfinite_empty_and_bad_inputs_are_rejected" time="1.564" /><testcase classname="tests_v3.test_contracts" name="test_corrupted_mesh_never_becomes_clear_or_volume_zero" time="0.040" /><testcase classname="tests_v3.test_contracts" name="test_detail_identity_profile_and_direction_guard" time="0.040" /><testcase classname="tests_v3.test_contracts" name="test_worker_failure_is_unknown_and_preserves_quick_report[failure0]" time="0.046" /><testcase classname="tests_v3.test_contracts" name="test_worker_failure_is_unknown_and_preserves_quick_report[failure1]" time="0.043" /><testcase classname="tests_v3.test_contracts" name="test_cad_worker_launch_failure_is_an_explained_input_error" time="0.004" /><testcase classname="tests_v3.test_contracts" name="test_detail_worker_end_to_end_and_layer_volume" time="2.745" /><testcase classname="tests_v3.test_contracts" name="test_failed_repeat_clears_stale_wall_measurement" time="1.446" /><testcase classname="tests_v3.test_contracts" name="test_overlapping_stl_components_do_not_imply_material_union" time="2.835" /><testcase classname="tests_v3.test_contracts" name="test_layer_budget_is_not_silent_subsampling" time="1.379" /><testcase classname="tests_v3.test_contracts" name="test_exports_are_strict_safe_reproducible_and_same_placement" time="0.036" /><testcase classname="tests_v3.test_corpus_audit" name="test_rejected_input_is_retained_and_existing_audit_is_not_overwritten" time="6.187" /><testcase classname="tests_v3.test_corpus_audit" name="test_four_processes_get_sections_without_build_space_rejection" time="18.473" /><testcase classname="tests_v3.test_corpus_followups" name="test_report_refresh_blocks_numeric_and_unknown_to_zero_changes" time="0.001" /><testcase classname="tests_v3.test_corpus_followups" name="test_report_refresh_only_allows_documented_surface_polymer_scope_change" time="0.001" /><testcase classname="tests_v3.test_corpus_followups" name="test_partial_sections_never_gain_a_whole_volume_from_partial_value" time="0.000" /><testcase classname="tests_v3.test_corpus_followups" name="test_refinement_rank_does_not_spend_top_five_on_one_body_four_times" time="0.000" /><testcase classname="tests_v3.test_corpus_followups" name="test_independent_section_matches_analytic_polygon_ring" time="0.006" /><testcase classname="tests_v3.test_corpus_followups" name="test_independent_section_rejects_an_open_material_contour" time="0.002" /><testcase classname="tests_v3.test_cross_sections" name="test_box_sections_have_analytic_area_perimeter_volume_and_no_changes" time="0.030" /><testcase classname="tests_v3.test_cross_sections" name="test_annular_mesh_loops_are_not_claimed_to_be_a_suction_cup" time="0.052" /><testcase classname="tests_v3.test_cross_sections" name="test_sections_work_for_every_process_without_fdm_rules[uniform-MEX]" time="1.278" /><testcase classname="tests_v3.test_cross_sections" name="test_sections_work_for_every_process_without_fdm_rules[uniform-VPP]" time="1.121" /><testcase classname="tests_v3.test_cross_sections" name="test_sections_work_for_every_process_without_fdm_rules[uniform-PBF_POLYMER]" time="1.129" /><testcase classname="tests_v3.test_cross_sections" name="test_sections_work_for_every_process_without_fdm_rules[uniform-PBF_METAL]" time="1.259" /><testcase classname="tests_v3.test_cross_sections" name="test_sections_work_for_every_process_without_fdm_rules[events-MEX]" time="1.184" /><testcase classname="tests_v3.test_cross_sections" name="test_sections_work_for_every_process_without_fdm_rules[events-VPP]" time="1.141" /><testcase classname="tests_v3.test_cross_sections" name="test_sections_work_for_every_process_without_fdm_rules[events-PBF_POLYMER]" time="1.274" /><testcase classname="tests_v3.test_cross_sections" name="test_sections_work_for_every_process_without_fdm_rules[events-PBF_METAL]" time="1.245" /><testcase classname="tests_v3.test_cross_sections" name="test_invalid_section_method_or_event_budget_rejected[bad-8192]" time="0.002" /><testcase classname="tests_v3.test_cross_sections" name="test_invalid_section_method_or_event_budget_rejected[events-True]" time="0.002" /><testcase classname="tests_v3.test_cross_sections" name="test_invalid_section_method_or_event_budget_rejected[events-8193]" time="0.002" /><testcase classname="tests_v3.test_cross_sections" name="test_invalid_section_method_or_event_budget_rejected[events-nan]" time="0.002" /><testcase classname="tests_v3.test_cross_sections" name="test_event_budget_unknown_preserves_method_in_attached_report" time="1.262" /><testcase classname="tests_v3.test_cross_sections" name="test_partial_budget_does_not_become_total_volume_or_zero" time="0.008" /><testcase classname="tests_v3.test_cross_sections" name="test_open_surface_does_not_claim_material_sections" time="0.003" /><testcase classname="tests_v3.test_cross_sections" name="test_invalid_sample_count_is_rejected[0]" time="0.001" /><testcase classname="tests_v3.test_cross_sections" name="test_invalid_sample_count_is_rejected[1]" time="0.001" /><testcase classname="tests_v3.test_cross_sections" name="test_invalid_sample_count_is_rejected[1025]" time="0.001" /><testcase classname="tests_v3.test_cross_sections" name="test_invalid_sample_count_is_rejected[2.5]" time="0.001" /><testcase classname="tests_v3.test_cross_sections" name="test_invalid_sample_count_is_rejected[True]" time="0.001" /><testcase classname="tests_v3.test_cross_sections" name="test_invalid_sample_count_is_rejected[nan]" time="0.001" /><testcase classname="tests_v3.test_cross_sections" name="test_invalid_sample_count_is_rejected[inf]" time="0.001" /><testcase classname="tests_v3.test_cross_sections" name="test_sheared_prism_same_area_still_records_shape_change" time="0.012" /><testcase classname="tests_v3.test_cross_sections" name="test_closed_shell_without_cad_material_does_not_become_a_solid[wall]" time="0.002" /><testcase classname="tests_v3.test_cross_sections" name="test_closed_shell_without_cad_material_does_not_become_a_solid[sections]" time="0.002" /><testcase classname="tests_v3.test_cross_sections" name="test_closed_shell_without_cad_material_does_not_become_a_solid[layers]" time="0.002" /><testcase classname="tests_v3.test_event_sections" name="test_box_integrates_analytic_volume_and_preserves_uniform_row_contract" time="0.012" /><testcase classname="tests_v3.test_event_sections" name="test_rotated_shifted_prism_has_analytic_volume_across_all_events" time="0.038" /><testcase classname="tests_v3.test_event_sections" name="test_thin_plate_missed_by_uniform_sampling_is_included_without_event_merging" time="0.177" /><testcase classname="tests_v3.test_event_sections" name="test_polygon_cone_quadratic_integral_and_sample_maximum_is_not_global_maximum" time="0.008" /><testcase classname="tests_v3.test_event_sections" name="test_polygonal_annulus_preserves_cavity_and_analytic_material_volume" time="0.021" /><testcase classname="tests_v3.test_event_sections" name="test_each_budget_is_checked_before_any_section_is_constructed[limits0]" time="0.002" /><testcase classname="tests_v3.test_event_sections" name="test_each_budget_is_checked_before_any_section_is_constructed[limits1]" time="0.002" /><testcase classname="tests_v3.test_event_sections" name="test_unrepresentable_gauss_nodes_remain_unknown_without_merging_or_zero_volume" time="0.002" /><testcase classname="tests_v3.test_event_sections" name="test_sphere_nearly_identical_heights_are_reported_partial_and_not_silently_merged" time="1.127" /><testcase classname="tests_v3.test_event_sections" name="test_unused_vertex_does_not_add_a_false_material_event" time="0.005" /><testcase classname="tests_v3.test_event_sections" name="test_one_incomplete_section_blocks_full_volume_and_retains_unresolved_height" time="0.006" /><testcase classname="tests_v3.test_event_sections" name="test_open_boundary_remains_unknown" time="0.002" /><testcase classname="tests_v3.test_event_sections" name="test_invalid_budget_is_rejected[max_samples-0]" time="0.001" /><testcase classname="tests_v3.test_event_sections" name="test_invalid_budget_is_rejected[max_samples--1]" time="0.001" /><testcase classname="tests_v3.test_event_sections" name="test_invalid_budget_is_rejected[max_samples-1.5]" time="0.001" /><testcase classname="tests_v3.test_event_sections" name="test_invalid_budget_is_rejected[max_samples-True]" time="0.001" /><testcase classname="tests_v3.test_event_sections" name="test_invalid_budget_is_rejected[max_samples-nan]" time="0.001" /><testcase classname="tests_v3.test_event_sections" name="test_invalid_budget_is_rejected[max_samples-inf]" time="0.001" /><testcase classname="tests_v3.test_event_sections" name="test_invalid_budget_is_rejected[max_total_segments-0]" time="0.001" /><testcase classname="tests_v3.test_event_sections" name="test_invalid_budget_is_rejected[max_total_segments--1]" time="0.001" /><testcase classname="tests_v3.test_event_sections" name="test_invalid_budget_is_rejected[max_total_segments-1.5]" time="0.001" /><testcase classname="tests_v3.test_event_sections" name="test_invalid_budget_is_rejected[max_total_segments-True]" time="0.001" /><testcase classname="tests_v3.test_event_sections" name="test_invalid_budget_is_rejected[max_total_segments-nan]" time="0.001" /><testcase classname="tests_v3.test_event_sections" name="test_invalid_budget_is_rejected[max_total_segments-inf]" time="0.001" /><testcase classname="tests_v3.test_gcode_and_comparison" name="test_absolute_relative_extrusion_reset_retraction_debt" time="0.001" /><testcase classname="tests_v3.test_gcode_and_comparison" name="test_marlin_g91_resets_e_mode_and_inch_conversion" time="0.001" /><testcase classname="tests_v3.test_gcode_and_comparison" name="test_unsupported_modes_cannot_publish_total[G2 X10 Y0 E1 I5]" time="0.001" /><testcase classname="tests_v3.test_gcode_and_comparison" name="test_unsupported_modes_cannot_publish_total[M200 D1.75]" time="0.001" /><testcase classname="tests_v3.test_gcode_and_comparison" name="test_unsupported_modes_cannot_publish_total[M221 S90]" time="0.001" /><testcase classname="tests_v3.test_gcode_and_comparison" name="test_unsupported_modes_cannot_publish_total[T1]" time="0.001" /><testcase classname="tests_v3.test_gcode_and_comparison" name="test_unsupported_modes_cannot_publish_total[G10]" time="0.001" /><testcase classname="tests_v3.test_gcode_and_comparison" name="test_unsupported_modes_cannot_publish_total[G54]" time="0.001" /><testcase classname="tests_v3.test_gcode_and_comparison" name="test_unsupported_modes_cannot_publish_total[G1.1 X10 E1]" time="0.001" /><testcase classname="tests_v3.test_gcode_and_comparison" name="test_unsupported_modes_cannot_publish_total[G90 M83]" time="0.001" /><testcase classname="tests_v3.test_gcode_and_comparison" name="test_unknown_position_and_budget_stay_partial" time="0.001" /><testcase classname="tests_v3.test_gcode_and_comparison" name="test_no_paths_is_zero_commanded_extrusion_not_print_success" time="0.001" /><testcase classname="tests_v3.test_gcode_and_comparison" name="test_design_comparison_refuses_profile_and_scale_mismatch" time="0.034" /><testcase classname="tests_v3.test_installer" name="test_diagnose_explicit_runtime_from_korean_space_parentheses_path" time="0.225" /><testcase classname="tests_v3.test_installer" name="test_missing_project_file_preserves_error_and_log_without_install" time="0.221" /><testcase classname="tests_v3.test_installer" name="test_default_failed_install_waits_for_user_then_returns_failure" time="3.026" /><testcase classname="tests_v3.test_installer" name="test_missing_runtime_exits_with_visible_error_without_install" time="0.072" /><testcase classname="tests_v3.test_installer" name="test_diagnose_preserves_existing_broken_environment" time="0.228" /><testcase classname="tests_v3.test_orientation_extended" name="test_thousand_arbitrary_directions_match_independent_box_formulas" time="0.502" /><testcase classname="tests_v3.test_orientation_extended" name="test_vector_magnitude_cannot_change_direction[1.0]" time="0.001" /><testcase classname="tests_v3.test_orientation_extended" name="test_vector_magnitude_cannot_change_direction[1e-250]" time="0.001" /><testcase classname="tests_v3.test_orientation_extended" name="test_vector_magnitude_cannot_change_direction[1e+250]" time="0.001" /><testcase classname="tests_v3.test_orientation_extended" name="test_vector_magnitude_cannot_change_direction[1e-308]" time="0.001" /><testcase classname="tests_v3.test_orientation_extended" name="test_vector_magnitude_cannot_change_direction[1e+308]" time="0.001" /><testcase classname="tests_v3.test_orientation_extended" name="test_invalid_vectors_are_explicit_errors[direction0]" time="0.001" /><testcase classname="tests_v3.test_orientation_extended" name="test_invalid_vectors_are_explicit_errors[direction1]" time="0.001" /><testcase classname="tests_v3.test_orientation_extended" name="test_invalid_vectors_are_explicit_errors[direction2]" time="0.001" /><testcase classname="tests_v3.test_orientation_extended" name="test_invalid_vectors_are_explicit_errors[direction3]" time="0.001" /><testcase classname="tests_v3.test_orientation_extended" name="test_invalid_vectors_are_explicit_errors[direction4]" time="0.001" /><testcase classname="tests_v3.test_orientation_extended" name="test_invalid_vectors_are_explicit_errors[direction5]" time="0.001" /><testcase classname="tests_v3.test_orientation_extended" name="test_invalid_vectors_are_explicit_errors[direction6]" time="0.000" /><testcase classname="tests_v3.test_orientation_extended" name="test_angle_convention_matches_named_model_axes[0-0-expected0]" time="0.001" /><testcase classname="tests_v3.test_orientation_extended" name="test_angle_convention_matches_named_model_axes[0-217-expected1]" time="0.001" /><testcase classname="tests_v3.test_orientation_extended" name="test_angle_convention_matches_named_model_axes[180-0-expected2]" time="0.001" /><testcase classname="tests_v3.test_orientation_extended" name="test_angle_convention_matches_named_model_axes[180-217-expected3]" time="0.001" /><testcase classname="tests_v3.test_orientation_extended" name="test_angle_convention_matches_named_model_axes[90-0-expected4]" time="0.001" /><testcase classname="tests_v3.test_orientation_extended" name="test_angle_convention_matches_named_model_axes[90-90-expected5]" time="0.001" /><testcase classname="tests_v3.test_orientation_extended" name="test_angle_convention_matches_named_model_axes[90-180-expected6]" time="0.001" /><testcase classname="tests_v3.test_orientation_extended" name="test_angle_convention_matches_named_model_axes[90-270-expected7]" time="0.001" /><testcase classname="tests_v3.test_orientation_extended" name="test_angle_convention_matches_named_model_axes[90-360-expected8]" time="0.001" /><testcase classname="tests_v3.test_orientation_extended" name="test_angle_convention_matches_named_model_axes[45-0-expected9]" time="0.001" /><testcase classname="tests_v3.test_orientation_extended" name="test_angles_round_trip_without_changing_direction[12.345-87.654]" time="0.001" /><testcase classname="tests_v3.test_orientation_extended" name="test_angles_round_trip_without_changing_direction[90-270]" time="0.001" /><testcase classname="tests_v3.test_orientation_extended" name="test_angles_round_trip_without_changing_direction[179.99-359.99]" time="0.001" /><testcase classname="tests_v3.test_orientation_extended" name="test_invalid_angles_are_explicit_errors[-0.01-0]" time="0.001" /><testcase classname="tests_v3.test_orientation_extended" name="test_invalid_angles_are_explicit_errors[180.01-0]" time="0.001" /><testcase classname="tests_v3.test_orientation_extended" name="test_invalid_angles_are_explicit_errors[0--0.01]" time="0.001" /><testcase classname="tests_v3.test_orientation_extended" name="test_invalid_angles_are_explicit_errors[0-360.01]" time="0.000" /><testcase classname="tests_v3.test_orientation_extended" name="test_invalid_angles_are_explicit_errors[nan-0]" time="0.001" /><testcase classname="tests_v3.test_orientation_extended" name="test_invalid_angles_are_explicit_errors[0-inf]" time="0.000" /><testcase classname="tests_v3.test_orientation_extended" name="test_placement_remains_a_rigid_rotation_near_both_poles[direction0]" time="0.001" /><testcase classname="tests_v3.test_orientation_extended" name="test_placement_remains_a_rigid_rotation_near_both_poles[direction1]" time="0.001" /><testcase classname="tests_v3.test_orientation_extended" name="test_placement_remains_a_rigid_rotation_near_both_poles[direction2]" time="0.001" /><testcase classname="tests_v3.test_orientation_extended" name="test_placement_remains_a_rigid_rotation_near_both_poles[direction3]" time="0.001" /><testcase classname="tests_v3.test_orientation_extended" name="test_placement_remains_a_rigid_rotation_near_both_poles[direction4]" time="0.001" /><testcase classname="tests_v3.test_orientation_extended" name="test_placement_remains_a_rigid_rotation_near_both_poles[direction5]" time="0.002" /><testcase classname="tests_v3.test_orientation_extended" name="test_26_candidates_are_all_axis_edge_and_corner_directions" time="0.003" /><testcase classname="tests_v3.test_orientation_extended" name="test_custom_direction_is_included_once_and_reports_match_the_selected_vector" time="0.017" /><testcase classname="tests_v3.test_orientation_extended" name="test_review_preserves_arbitrary_direction_in_current_and_candidate_results" time="0.028" /><testcase classname="tests_v3.test_orientation_extended" name="test_current_near_axis_direction_is_not_deduplicated_by_angular_tolerance" time="0.004" /><testcase classname="tests_v3.test_orientation_extended" name="test_export_vertices_agree_with_report_transform_with_float32_precision[direction0]" time="0.021" /><testcase classname="tests_v3.test_orientation_extended" name="test_export_vertices_agree_with_report_transform_with_float32_precision[direction1]" time="0.022" /><testcase classname="tests_v3.test_orientation_extended" name="test_export_vertices_agree_with_report_transform_with_float32_precision[direction2]" time="0.023" /><testcase classname="tests_v3.test_orientation_layers" name="test_rotated_translated_slab_has_same_physical_layers_at_any_vector_scale[1.0]" time="1.155" /><testcase classname="tests_v3.test_orientation_layers" name="test_rotated_translated_slab_has_same_physical_layers_at_any_vector_scale[1e-300]" time="1.222" /><testcase classname="tests_v3.test_orientation_layers" name="test_rotated_translated_slab_has_same_physical_layers_at_any_vector_scale[1e+300]" time="1.296" /><testcase classname="tests_v3.test_orientation_layers" name="test_detail_uses_the_final_yaw_for_build_fit" time="1.283" /><testcase classname="tests_v3.test_orientation_layers" name="test_near_axis_tilt_is_not_silently_replaced_by_z" time="1.382" /><testcase classname="tests_v3.test_orientation_layers" name="test_changed_placement_is_rejected_even_when_axis_is_the_same" time="1.322" /><testcase classname="tests_v3.test_orientation_layers" name="test_non_mex_scope_still_retains_the_direction_and_placement_contract" time="0.029" /><testcase classname="tests_v3.test_process_evidence" name="test_selected_sources_resolve_and_respect_process_scope[overhang-MEX]" time="0.001" /><testcase classname="tests_v3.test_process_evidence" name="test_selected_sources_resolve_and_respect_process_scope[overhang-VPP]" time="0.000" /><testcase classname="tests_v3.test_process_evidence" name="test_selected_sources_resolve_and_respect_process_scope[overhang-PBF_POLYMER]" time="0.001" /><testcase classname="tests_v3.test_process_evidence" name="test_selected_sources_resolve_and_respect_process_scope[overhang-PBF_METAL]" time="0.000" /><testcase classname="tests_v3.test_process_evidence" name="test_selected_sources_resolve_and_respect_process_scope[wall-MEX]" time="0.000" /><testcase classname="tests_v3.test_process_evidence" name="test_selected_sources_resolve_and_respect_process_scope[wall-VPP]" time="0.001" /><testcase classname="tests_v3.test_process_evidence" name="test_selected_sources_resolve_and_respect_process_scope[wall-PBF_POLYMER]" time="0.000" /><testcase classname="tests_v3.test_process_evidence" name="test_selected_sources_resolve_and_respect_process_scope[wall-PBF_METAL]" time="0.000" /><testcase classname="tests_v3.test_process_evidence" name="test_selected_sources_resolve_and_respect_process_scope[cad_holes-MEX]" time="0.001" /><testcase classname="tests_v3.test_process_evidence" name="test_selected_sources_resolve_and_respect_process_scope[cad_holes-VPP]" time="0.000" /><testcase classname="tests_v3.test_process_evidence" name="test_selected_sources_resolve_and_respect_process_scope[cad_holes-PBF_POLYMER]" time="0.000" /><testcase classname="tests_v3.test_process_evidence" name="test_selected_sources_resolve_and_respect_process_scope[cad_holes-PBF_METAL]" time="0.000" /><testcase classname="tests_v3.test_process_evidence" name="test_selected_sources_resolve_and_respect_process_scope[cavities-MEX]" time="0.000" /><testcase classname="tests_v3.test_process_evidence" name="test_selected_sources_resolve_and_respect_process_scope[cavities-VPP]" time="0.001" /><testcase classname="tests_v3.test_process_evidence" name="test_selected_sources_resolve_and_respect_process_scope[cavities-PBF_POLYMER]" time="0.001" /><testcase classname="tests_v3.test_process_evidence" name="test_selected_sources_resolve_and_respect_process_scope[cavities-PBF_METAL]" time="0.001" /><testcase classname="tests_v3.test_process_evidence" name="test_selected_sources_resolve_and_respect_process_scope[sections-MEX]" time="0.001" /><testcase classname="tests_v3.test_process_evidence" name="test_selected_sources_resolve_and_respect_process_scope[sections-VPP]" time="0.001" /><testcase classname="tests_v3.test_process_evidence" name="test_selected_sources_resolve_and_respect_process_scope[sections-PBF_POLYMER]" time="0.001" /><testcase classname="tests_v3.test_process_evidence" name="test_selected_sources_resolve_and_respect_process_scope[sections-PBF_METAL]" time="0.001" /><testcase classname="tests_v3.test_process_evidence" name="test_process_evidence_addresses_the_actual_non_fdm_questions" time="0.001" /><testcase classname="tests_v3.test_process_evidence" name="test_empirical_sources_preserve_machine_material_and_experimental_conditions[PAN2017-conditions0]" time="0.001" /><testcase classname="tests_v3.test_process_evidence" name="test_empirical_sources_preserve_machine_material_and_experimental_conditions[FORM4-conditions1]" time="0.001" /><testcase classname="tests_v3.test_process_evidence" name="test_empirical_sources_preserve_machine_material_and_experimental_conditions[FUSE_DESIGN-conditions2]" time="0.001" /><testcase classname="tests_v3.test_process_evidence" name="test_empirical_sources_preserve_machine_material_and_experimental_conditions[LI2020-conditions3]" time="0.001" /><testcase classname="tests_v3.test_process_evidence" name="test_empirical_sources_preserve_machine_material_and_experimental_conditions[MOHR2024-conditions4]" time="0.001" /><testcase classname="tests_v3.test_process_evidence" name="test_empirical_sources_preserve_machine_material_and_experimental_conditions[HUNTER2020-conditions5]" time="0.001" /><testcase classname="tests_v3.test_process_evidence" name="test_partial_access_and_publisher_content_error_are_not_hidden" time="0.000" /><testcase classname="tests_v3.test_process_evidence" name="test_guidance_has_actions_and_keeps_sampling_scope[MEX]" time="0.001" /><testcase classname="tests_v3.test_process_evidence" name="test_guidance_has_actions_and_keeps_sampling_scope[VPP]" time="0.001" /><testcase classname="tests_v3.test_process_evidence" name="test_guidance_has_actions_and_keeps_sampling_scope[PBF_POLYMER]" time="0.001" /><testcase classname="tests_v3.test_process_evidence" name="test_guidance_has_actions_and_keeps_sampling_scope[PBF_METAL]" time="0.001" /><testcase classname="tests_v3.test_process_evidence" name="test_vpp_guidance_cannot_be_read_as_a_general_force_or_cup_prediction" time="0.001" /><testcase classname="tests_v3.test_process_evidence" name="test_pbf_guidance_preserves_physics_and_support_uncertainty" time="0.001" /><testcase classname="tests_v3.test_process_evidence" name="test_returned_lists_cannot_corrupt_later_reports" time="0.001" /><testcase classname="tests_v3.test_process_evidence" name="test_invalid_keys_do_not_silently_fall_back_to_another_process[missing-MEX]" time="0.001" /><testcase classname="tests_v3.test_process_evidence" name="test_invalid_keys_do_not_silently_fall_back_to_another_process[wall-FDM]" time="0.001" /><testcase classname="tests_v3.test_process_evidence" name="test_invalid_keys_do_not_silently_fall_back_to_another_process[sections-SLA]" time="0.001" /><testcase classname="tests_v3.test_process_evidence" name="test_invalid_guidance_process_does_not_default_to_melt_extrusion" time="0.000" /><testcase classname="tests_v3.test_process_evidence" name="test_used_sources_remains_compatible_and_ordered" time="0.000" /><testcase classname="tests_v3.test_process_ui" name="test_process_calibrations_are_independent_and_survive_round_trips" time="1.770" /><testcase classname="tests_v3.test_process_ui" name="test_non_mex_review_does_not_offer_filament_gcode_analysis[VPP]" time="0.801" /><testcase classname="tests_v3.test_process_ui" name="test_non_mex_review_does_not_offer_filament_gcode_analysis[PBF_POLYMER]" time="0.798" /><testcase classname="tests_v3.test_process_ui" name="test_non_mex_review_does_not_offer_filament_gcode_analysis[PBF_METAL]" time="0.822" /><testcase classname="tests_v3.test_processes" name="test_worker_output_and_exit_status" time="0.096" /><testcase classname="tests_v3.test_processes" name="test_timeout_stops_child_before_it_can_write" time="4.501" /><testcase classname="tests_v3.test_processes" name="test_timeout_owns_child_after_direct_parent_has_exited[False]" time="2.608" /><testcase classname="tests_v3.test_processes" name="test_timeout_owns_child_after_direct_parent_has_exited[True]" time="2.604" /><testcase classname="tests_v3.test_processes" name="test_binary_output_larger_than_pipe_capacity_is_preserved" time="0.073" /><testcase classname="tests_v3.test_processes" name="test_parent_exit_waits_for_successful_child_output_and_preserves_parent_code" time="0.237" /><testcase classname="tests_v3.test_processes" name="test_timeout_preserves_already_flushed_output" time="0.412" /><testcase classname="tests_v3.test_processes" name="test_timing_out_one_job_does_not_stop_another_owned_control_process" time="0.588" /><testcase classname="tests_v3.test_processes" name="test_setup_failure_never_runs_unowned_worker[assign]" time="0.118" /><testcase classname="tests_v3.test_processes" name="test_setup_failure_never_runs_unowned_worker[resume]" time="0.111" /><testcase classname="tests_v3.test_processes" name="test_termination_error_still_closes_job_and_stops_children" time="1.301" /><testcase classname="tests_v3.test_processes" name="test_close_error_is_not_reported_as_a_successful_measurement" time="0.073" /><testcase classname="tests_v3.test_processes" name="test_unbounded_or_invalid_timeouts_are_rejected[0]" time="0.002" /><testcase classname="tests_v3.test_processes" name="test_unbounded_or_invalid_timeouts_are_rejected[-1]" time="0.002" /><testcase classname="tests_v3.test_processes" name="test_unbounded_or_invalid_timeouts_are_rejected[inf]" time="0.003" /><testcase classname="tests_v3.test_processes" name="test_unbounded_or_invalid_timeouts_are_rejected[nan]" time="0.002" /><testcase classname="tests_v3.test_processes" name="test_missing_executable_fails_without_hanging" time="0.004" /><testcase classname="tests_v3.test_processes" name="test_repeated_workers_do_not_leak_handles" time="0.995" /><testcase classname="tests_v3.test_three_mf" name="test_declared_3mf_unit_is_used[millimeter-1.0]" time="0.003" /><testcase classname="tests_v3.test_three_mf" name="test_declared_3mf_unit_is_used[inch-25.4]" time="0.002" /><testcase classname="tests_v3.test_three_mf" name="test_declared_3mf_unit_is_used[micron-0.001]" time="0.003" /><testcase classname="tests_v3.test_three_mf" name="test_declared_3mf_unit_is_used[meter-1000.0]" time="0.002" /><testcase classname="tests_v3.test_three_mf" name="test_production_path_transform_order_and_rotation" time="0.005" /><testcase classname="tests_v3.test_three_mf" name="test_mirrored_transform_preserves_outward_material_orientation" time="0.028" /><testcase classname="tests_v3.test_three_mf" name="test_unsupported_or_broken_3mf_is_an_explicit_error[kwargs0]" time="0.002" /><testcase classname="tests_v3.test_three_mf" name="test_unsupported_or_broken_3mf_is_an_explicit_error[kwargs1]" time="0.001" /><testcase classname="tests_v3.test_three_mf" name="test_unsupported_or_broken_3mf_is_an_explicit_error[kwargs2]" time="0.001" /><testcase classname="tests_v3.test_three_mf" name="test_unsupported_or_broken_3mf_is_an_explicit_error[kwargs3]" time="0.002" /><testcase classname="tests_v3.test_three_mf" name="test_unsupported_or_broken_3mf_is_an_explicit_error[kwargs4]" time="0.001" /><testcase classname="tests_v3.test_three_mf" name="test_unsupported_or_broken_3mf_is_an_explicit_error[kwargs5]" time="0.001" /><testcase classname="tests_v3.test_three_mf" name="test_referenced_model_must_remain_inside_package" time="0.001" /></testsuite></testsuites>