<?xml version="1.0" encoding="utf-8"?><testsuites name="pytest tests"><testsuite name="pytest" errors="0" failures="0" skipped="0" tests="41" time="34.408" timestamp="2026-09-14T21:30:11.093660+09:00" hostname="DESKTOP-TNRADE4"><testcase classname="tests_v3.test_app" name="test_complete_design_workflow_and_stale_results" time="3.054" /><testcase classname="tests_v3.test_app" name="test_wall_review_stays_attached_and_exportable" time="1.192" /><testcase classname="tests_v3.test_cad_and_geometry" name="test_cad_against_independent_analytic_oracle[01_box]" time="24.949" /><testcase classname="tests_v3.test_cad_and_geometry" name="test_cad_against_independent_analytic_oracle[02_thin_plate]" time="0.001" /><testcase classname="tests_v3.test_cad_and_geometry" name="test_cad_against_independent_analytic_oracle[03_vertical_hole]" time="0.001" /><testcase classname="tests_v3.test_cad_and_geometry" name="test_cad_against_independent_analytic_oracle[04_horizontal_hole]" time="0.002" /><testcase classname="tests_v3.test_cad_and_geometry" name="test_cad_against_independent_analytic_oracle[05_sealed_cavity]" time="0.001" /><testcase classname="tests_v3.test_cad_and_geometry" name="test_cad_against_independent_analytic_oracle[06_open_cup]" time="0.001" /><testcase classname="tests_v3.test_cad_and_geometry" name="test_cad_against_independent_analytic_oracle[07_bracket]" time="0.001" /><testcase classname="tests_v3.test_cad_and_geometry" name="test_cad_against_independent_analytic_oracle[08_bridge]" time="0.001" /><testcase classname="tests_v3.test_cad_and_geometry" name="test_cad_against_independent_analytic_oracle[09_cantilever]" time="0.001" /><testcase classname="tests_v3.test_cad_and_geometry" name="test_cad_against_independent_analytic_oracle[10_inch_box]" time="0.001" /><testcase classname="tests_v3.test_cad_and_geometry" name="test_cad_against_independent_analytic_oracle[11_two_bodies]" time="0.001" /><testcase classname="tests_v3.test_cad_and_geometry" name="test_cad_against_independent_analytic_oracle[12_sphere]" time="0.004" /><testcase classname="tests_v3.test_cad_and_geometry" name="test_cad_against_independent_analytic_oracle[13_fine_pin]" time="0.002" /><testcase classname="tests_v3.test_cad_and_geometry" name="test_cad_against_independent_analytic_oracle[14_thin_plate_improved]" time="0.001" /><testcase classname="tests_v3.test_cad_and_geometry" name="test_inch_step_is_normalized_once" time="0.000" /><testcase classname="tests_v3.test_cad_and_geometry" name="test_separate_solids_never_invent_assembly_union_volume" time="0.013" /><testcase classname="tests_v3.test_cad_and_geometry" name="test_normal_chords_parallel_planes[01_box-10]" time="0.002" /><testcase classname="tests_v3.test_cad_and_geometry" name="test_normal_chords_parallel_planes[02_thin_plate-0.3]" time="0.001" /><testcase classname="tests_v3.test_cad_and_geometry" name="test_normal_chords_parallel_planes[14_thin_plate_improved-1.2]" time="0.001" /><testcase classname="tests_v3.test_cad_and_geometry" name="test_surface_angle_definition_and_bottom_exclusion" time="0.003" /><testcase classname="tests_v3.test_cad_and_geometry" name="test_yaw_fit_agrees_with_export_transform" time="0.001" /><testcase classname="tests_v3.test_cad_and_geometry" name="test_translation_tessellation_and_face_order_invariance" time="0.002" /><testcase classname="tests_v3.test_cad_and_geometry" name="test_rotating_model_and_direction_preserves_geometry" time="0.001" /><testcase classname="tests_v3.test_cad_and_geometry" name="test_process_applicability_and_no_success_score" time="0.046" /><testcase classname="tests_v3.test_cad_and_geometry" name="test_pareto_does_not_recommend_infeasible_fit" time="0.002" /><testcase classname="tests_v3.test_cad_and_geometry" name="test_invalid_profiles_fail_explicitly[kwargs0]" time="0.000" /><testcase classname="tests_v3.test_cad_and_geometry" name="test_invalid_profiles_fail_explicitly[kwargs1]" time="0.000" /><testcase classname="tests_v3.test_cad_and_geometry" name="test_invalid_profiles_fail_explicitly[kwargs2]" time="0.000" /><testcase classname="tests_v3.test_cad_and_geometry" name="test_invalid_profiles_fail_explicitly[kwargs3]" time="0.000" /><testcase classname="tests_v3.test_cad_and_geometry" name="test_invalid_profiles_fail_explicitly[kwargs4]" time="0.000" /><testcase classname="tests_v3.test_cad_and_geometry" name="test_invalid_profiles_fail_explicitly[kwargs5]" time="0.001" /><testcase classname="tests_v3.test_contracts" name="test_stl_units_and_scale_assumptions" time="0.014" /><testcase classname="tests_v3.test_contracts" name="test_nonfinite_empty_and_bad_inputs_are_rejected" time="0.995" /><testcase classname="tests_v3.test_contracts" name="test_corrupted_mesh_never_becomes_clear_or_volume_zero" time="0.015" /><testcase classname="tests_v3.test_contracts" name="test_detail_identity_profile_and_direction_guard" time="0.013" /><testcase classname="tests_v3.test_contracts" name="test_timeout_is_unknown_and_preserves_quick_report" time="0.016" /><testcase classname="tests_v3.test_contracts" name="test_detail_worker_end_to_end_and_layer_volume" time="1.821" /><testcase classname="tests_v3.test_contracts" name="test_layer_budget_is_not_silent_subsampling" time="0.869" /><testcase classname="tests_v3.test_contracts" name="test_exports_are_strict_safe_reproducible_and_same_placement" time="0.016" /></testsuite></testsuites>