<?xml version="1.0" encoding="utf-8"?><testsuites name="pytest tests"><testsuite name="pytest" errors="0" failures="0" skipped="0" tests="18" time="13.681" timestamp="2026-09-15T00:09:37.264824+09:00" hostname="DESKTOP-TNRADE4"><testcase classname="tests_v3.test_processes" name="test_worker_output_and_exit_status" time="0.081" /><testcase classname="tests_v3.test_processes" name="test_timeout_stops_child_before_it_can_write" time="4.500" /><testcase classname="tests_v3.test_processes" name="test_timeout_owns_child_after_direct_parent_has_exited[False]" time="2.606" /><testcase classname="tests_v3.test_processes" name="test_timeout_owns_child_after_direct_parent_has_exited[True]" time="2.610" /><testcase classname="tests_v3.test_processes" name="test_binary_output_larger_than_pipe_capacity_is_preserved" time="0.096" /><testcase classname="tests_v3.test_processes" name="test_parent_exit_waits_for_successful_child_output_and_preserves_parent_code" time="0.256" /><testcase classname="tests_v3.test_processes" name="test_timeout_preserves_already_flushed_output" time="0.399" /><testcase classname="tests_v3.test_processes" name="test_timing_out_one_job_does_not_stop_another_owned_control_process" time="0.598" /><testcase classname="tests_v3.test_processes" name="test_setup_failure_never_runs_unowned_worker[assign]" time="0.115" /><testcase classname="tests_v3.test_processes" name="test_setup_failure_never_runs_unowned_worker[resume]" time="0.114" /><testcase classname="tests_v3.test_processes" name="test_termination_error_still_closes_job_and_stops_children" time="1.311" /><testcase classname="tests_v3.test_processes" name="test_close_error_is_not_reported_as_a_successful_measurement" time="0.073" /><testcase classname="tests_v3.test_processes" name="test_unbounded_or_invalid_timeouts_are_rejected[0]" time="0.002" /><testcase classname="tests_v3.test_processes" name="test_unbounded_or_invalid_timeouts_are_rejected[-1]" time="0.002" /><testcase classname="tests_v3.test_processes" name="test_unbounded_or_invalid_timeouts_are_rejected[inf]" time="0.005" /><testcase classname="tests_v3.test_processes" name="test_unbounded_or_invalid_timeouts_are_rejected[nan]" time="0.003" /><testcase classname="tests_v3.test_processes" name="test_missing_executable_fails_without_hanging" time="0.003" /><testcase classname="tests_v3.test_processes" name="test_repeated_workers_do_not_leak_handles" time="0.853" /></testsuite></testsuites>